{"ts":1759814091854,"action":"PROJECT_OPENED","tags":{"PROJECT_NAME":"livewire-table-dev"}}
{"ts":1759814106648,"action":"IDE_DEACTIVATED"}
{"ts":1759814106745,"action":"IDE_ACTIVATED"}
{"ts":1759814145318,"action":"IDE_DEACTIVATED"}
{"ts":1759814145416,"action":"IDE_ACTIVATED"}
{"ts":1759814180297,"action":"FILE_OPENED","file":"/resources/views/components/table/actions/action.blade.php","tags":{"FILE_LINE_OF_CODE":"48"}}
{"ts":1759814181151,"action":"FILE_CLOSED","file":"/resources/views/components/table/actions/action.blade.php","tags":{"FILE_LINE_OF_CODE":"48"}}
{"ts":1759814181151,"action":"FILE_OPENED","file":"/resources/views/components/table/columns/badge.blade.php","tags":{"FILE_LINE_OF_CODE":"46"}}
{"ts":1759814181497,"action":"FILE_CLOSED","file":"/resources/views/components/table/columns/badge.blade.php","tags":{"FILE_LINE_OF_CODE":"46"}}
{"ts":1759814181497,"action":"FILE_OPENED","file":"/resources/views/components/table/columns/editable.blade.php","tags":{"FILE_LINE_OF_CODE":"77"}}
{"ts":1759814181697,"action":"FILE_CLOSED","file":"/resources/views/components/table/columns/editable.blade.php","tags":{"FILE_LINE_OF_CODE":"77"}}
{"ts":1759814181697,"action":"FILE_OPENED","file":"/resources/views/components/table/columns/image.blade.php","tags":{"FILE_LINE_OF_CODE":"12"}}
{"ts":1759814181838,"action":"FILE_CLOSED","file":"/resources/views/components/table/columns/image.blade.php","tags":{"FILE_LINE_OF_CODE":"12"}}
{"ts":1759814181838,"action":"FILE_OPENED","file":"/resources/views/components/table/columns/text.blade.php","tags":{"FILE_LINE_OF_CODE":"18"}}
{"ts":1759814182502,"action":"FILE_CLOSED","file":"/resources/views/components/table/columns/text.blade.php","tags":{"FILE_LINE_OF_CODE":"18"}}
{"ts":1759814182502,"action":"FILE_OPENED","file":"/resources/views/components/table/table.blade.php","tags":{"FILE_LINE_OF_CODE":"448"}}
{"ts":1759814182719,"action":"FILE_CLOSED","file":"/resources/views/components/table/table.blade.php","tags":{"FILE_LINE_OF_CODE":"448"}}
{"ts":1759814182833,"action":"FILE_OPENED","file":"/resources/views/.gitkeep","tags":{"FILE_LINE_OF_CODE":"0"}}
{"ts":1759814183953,"action":"FILE_CLOSED","file":"/resources/views/.gitkeep","tags":{"FILE_LINE_OF_CODE":"0"}}
{"ts":1759814183953,"action":"FILE_OPENED","file":"/resources/views/components/table/table.blade.php","tags":{"FILE_LINE_OF_CODE":"448"}}
{"ts":1759814185497,"action":"FILE_CLOSED","file":"/resources/views/components/table/table.blade.php","tags":{"FILE_LINE_OF_CODE":"448"}}
{"ts":1759814185497,"action":"FILE_OPENED","file":"/resources/views/components/table/columns/text.blade.php","tags":{"FILE_LINE_OF_CODE":"18"}}
{"ts":1759814229586,"action":"IDE_DEACTIVATED"}
{"ts":1759814236890,"action":"IDE_ACTIVATED"}
{"ts":1759814240550,"action":"IDE_DEACTIVATED"}
{"ts":1759814260537,"action":"IDE_ACTIVATED"}
{"ts":1759815249995,"action":"IDE_DEACTIVATED"}
{"ts":1759815740163,"action":"IDE_ACTIVATED"}
{"ts":1759815796024,"action":"PROJECT_CLOSED","tags":{"PROJECT_NAME":"livewire-table-dev"}}
{"ts":1759990287102,"action":"FILE_OPENED","file":"/resources/views/components/table/columns/text.blade.php","tags":{"FILE_LINE_OF_CODE":"18"}}
{"ts":1759990287501,"action":"PROJECT_OPENED","tags":{"PROJECT_NAME":"livewire-table-dev"}}
{"ts":1759990334370,"action":"FILE_CLOSED","file":"/resources/views/components/table/columns/text.blade.php","tags":{"FILE_LINE_OF_CODE":"18"}}
{"ts":1759990334370,"action":"FILE_OPENED","file":"/src/Providers/LivewireTableServiceProvider.php","tags":{"FILE_LINE_OF_CODE":"40"}}
{"ts":1759990357672,"action":"FILE_CLOSED","file":"/src/Providers/LivewireTableServiceProvider.php","tags":{"FILE_LINE_OF_CODE":"40"}}
{"ts":1759990357672,"action":"FILE_OPENED","file":"/resources/views/components/table/columns/text.blade.php","tags":{"FILE_LINE_OF_CODE":"18"}}
{"ts":1759990366848,"action":"FILE_CLOSED","file":"/resources/views/components/table/columns/text.blade.php","tags":{"FILE_LINE_OF_CODE":"18"}}
{"ts":1759990366848,"action":"FILE_OPENED","file":"/src/Actions/Action.php","tags":{"FILE_LINE_OF_CODE":"249"}}
{"ts":1759990418300,"action":"IDE_DEACTIVATED"}
{"ts":1759990419164,"action":"IDE_ACTIVATED"}
{"ts":1759990419990,"action":"IDE_DEACTIVATED"}
{"ts":1759990420874,"action":"IDE_ACTIVATED"}
{"ts":1759990431364,"action":"FILE_CLOSED","file":"/src/Actions/Action.php","tags":{"FILE_LINE_OF_CODE":"249"}}
{"ts":1759990431364,"action":"FILE_OPENED","file":"/resources/views/components/table/actions/action.blade.php","tags":{"FILE_LINE_OF_CODE":"48"}}
{"ts":1759990433405,"action":"FILE_CLOSED","file":"/resources/views/components/table/actions/action.blade.php","tags":{"FILE_LINE_OF_CODE":"48"}}
{"ts":1759990433405,"action":"FILE_OPENED","file":"/resources/views/components/table/columns/badge.blade.php","tags":{"FILE_LINE_OF_CODE":"46"}}
{"ts":1759990437901,"action":"FILE_CLOSED","file":"/resources/views/components/table/columns/badge.blade.php","tags":{"FILE_LINE_OF_CODE":"46"}}
{"ts":1759990437901,"action":"FILE_OPENED","file":"/src/Actions/BulkAction.php","tags":{"FILE_LINE_OF_CODE":"16"}}
{"ts":1759990443360,"action":"FILE_CLOSED","file":"/src/Actions/BulkAction.php","tags":{"FILE_LINE_OF_CODE":"16"}}
{"ts":1759990443360,"action":"FILE_OPENED","file":"/src/Actions/Modal.php","tags":{"FILE_LINE_OF_CODE":"145"}}
{"ts":1759990454101,"action":"FILE_CLOSED","file":"/src/Actions/Modal.php","tags":{"FILE_LINE_OF_CODE":"145"}}
{"ts":1759990454101,"action":"FILE_OPENED","file":"/src/Builders/QueryBuilder.php","tags":{"FILE_LINE_OF_CODE":"88"}}
{"ts":1759990455901,"action":"FILE_CLOSED","file":"/src/Builders/QueryBuilder.php","tags":{"FILE_LINE_OF_CODE":"88"}}
{"ts":1759990455901,"action":"FILE_OPENED","file":"/src/Columns/BadgeColumn.php","tags":{"FILE_LINE_OF_CODE":"95"}}
{"ts":1759990456700,"action":"FILE_CLOSED","file":"/src/Columns/BadgeColumn.php","tags":{"FILE_LINE_OF_CODE":"95"}}
{"ts":1759990456700,"action":"FILE_OPENED","file":"/src/Columns/Column.php","tags":{"FILE_LINE_OF_CODE":"289"}}
{"ts":1759990492962,"action":"IDE_DEACTIVATED"}
{"ts":1759992369425,"action":"IDE_ACTIVATED"}
{"ts":1759992370195,"action":"IDE_DEACTIVATED"}
{"ts":1759992371552,"action":"IDE_ACTIVATED"}
{"ts":1759992377189,"action":"IDE_DEACTIVATED"}
{"ts":1759992429527,"action":"IDE_ACTIVATED"}
{"ts":1759992440751,"action":"IDE_DEACTIVATED"}
{"ts":1759992549241,"action":"IDE_ACTIVATED"}
{"ts":1759992554071,"action":"IDE_DEACTIVATED"}
{"ts":1759992568604,"action":"IDE_ACTIVATED"}
{"ts":1759992569299,"action":"IDE_DEACTIVATED"}
{"ts":1759992569966,"action":"IDE_ACTIVATED"}
{"ts":1759992572306,"action":"FILE_CLOSED","file":"/src/Columns/Column.php","tags":{"FILE_LINE_OF_CODE":"289"}}
{"ts":1759992572306,"action":"FILE_OPENED","file":"/src/Columns/EditableColumn.php","tags":{"FILE_LINE_OF_CODE":"101"}}
{"ts":1759992599834,"action":"FILE_CLOSED","file":"/src/Columns/EditableColumn.php","tags":{"FILE_LINE_OF_CODE":"101"}}
{"ts":1759992599834,"action":"FILE_OPENED","file":"/src/Columns/Column.php","tags":{"FILE_LINE_OF_CODE":"289"}}
{"ts":1759992603502,"action":"FILE_CLOSED","file":"/src/Columns/Column.php","tags":{"FILE_LINE_OF_CODE":"289"}}
{"ts":1759992603502,"action":"FILE_OPENED","file":"/src/Columns/BadgeColumn.php","tags":{"FILE_LINE_OF_CODE":"95"}}
{"ts":1759992652849,"action":"FILE_CLOSED","file":"/src/Columns/BadgeColumn.php","tags":{"FILE_LINE_OF_CODE":"95"}}
{"ts":1759992652849,"action":"FILE_OPENED","file":"/src/Providers/LivewireTableServiceProvider.php","tags":{"FILE_LINE_OF_CODE":"40"}}
{"ts":1759992661855,"action":"FILE_CLOSED","file":"/src/Providers/LivewireTableServiceProvider.php","tags":{"FILE_LINE_OF_CODE":"40"}}
{"ts":1759992661855,"action":"FILE_OPENED","file":"/src/Columns/Column.php","tags":{"FILE_LINE_OF_CODE":"289"}}
{"ts":1759992664675,"action":"FILE_CLOSED","file":"/src/Columns/Column.php","tags":{"FILE_LINE_OF_CODE":"289"}}
{"ts":1759992664675,"action":"FILE_OPENED","file":"/src/Columns/BadgeColumn.php","tags":{"FILE_LINE_OF_CODE":"95"}}
{"ts":1759992683458,"action":"FILE_CLOSED","file":"/src/Columns/BadgeColumn.php","tags":{"FILE_LINE_OF_CODE":"95"}}
{"ts":1759992683458,"action":"FILE_OPENED","file":"/src/Providers/LivewireTableServiceProvider.php","tags":{"FILE_LINE_OF_CODE":"40"}}
{"ts":1759992686662,"action":"FILE_CLOSED","file":"/src/Providers/LivewireTableServiceProvider.php","tags":{"FILE_LINE_OF_CODE":"40"}}
{"ts":1759992686662,"action":"FILE_OPENED","file":"/src/Columns/BadgeColumn.php","tags":{"FILE_LINE_OF_CODE":"95"}}
{"ts":1759992711186,"action":"FILE_CLOSED","file":"/src/Columns/BadgeColumn.php","tags":{"FILE_LINE_OF_CODE":"93"}}
{"ts":1759992711186,"action":"FILE_OPENED","file":"/src/Columns/Column.php","tags":{"FILE_LINE_OF_CODE":"289"}}
{"ts":1759992818820,"action":"IDE_DEACTIVATED"}
{"ts":1759992845963,"action":"IDE_ACTIVATED"}
{"ts":1759992889140,"action":"IDE_DEACTIVATED"}
{"ts":1759993135727,"action":"IDE_ACTIVATED"}
{"ts":1759993138999,"action":"IDE_DEACTIVATED"}
{"ts":1759993197751,"action":"IDE_ACTIVATED"}
{"ts":1759993200948,"action":"IDE_DEACTIVATED"}
{"ts":1759993201061,"action":"IDE_ACTIVATED"}
{"ts":1759993204521,"action":"PROJECT_CLOSED","tags":{"PROJECT_NAME":"livewire-table-dev"}}
{"ts":1759998024265,"action":"FILE_OPENED","file":"/src/Columns/Column.php","tags":{"FILE_LINE_OF_CODE":"289"}}
{"ts":1759998026249,"action":"PROJECT_OPENED","tags":{"PROJECT_NAME":"livewire-table-dev"}}
{"ts":1759998361356,"action":"IDE_DEACTIVATED"}
{"ts":1759998362968,"action":"IDE_ACTIVATED"}
{"ts":1759998367031,"action":"IDE_DEACTIVATED"}
{"ts":1759998440755,"action":"IDE_ACTIVATED"}
{"ts":1759998473308,"action":"IDE_DEACTIVATED"}
{"ts":1759998569314,"action":"IDE_ACTIVATED"}
{"ts":1759998651265,"action":"FILE_CLOSED","file":"/src/Columns/Column.php","tags":{"FILE_LINE_OF_CODE":"284"}}
{"ts":1759998651265,"action":"FILE_OPENED","file":"/composer.json","tags":{"FILE_LINE_OF_CODE":"34"}}
{"ts":1759998812382,"action":"IDE_DEACTIVATED"}
{"ts":1759998828934,"action":"IDE_ACTIVATED"}
{"ts":1759998836715,"action":"IDE_DEACTIVATED"}
{"ts":1759998838388,"action":"IDE_ACTIVATED"}
{"ts":1759998839063,"action":"IDE_DEACTIVATED"}
{"ts":1759998870656,"action":"IDE_ACTIVATED"}
{"ts":1759998938885,"action":"FILE_CLOSED","file":"/composer.json","tags":{"FILE_LINE_OF_CODE":"40"}}
{"ts":1759998944570,"action":"FILE_OPENED","file":"/composer.json","tags":{"FILE_LINE_OF_CODE":"40"}}
{"ts":1759998954782,"action":"IDE_DEACTIVATED"}
{"ts":1760002138840,"action":"IDE_ACTIVATED"}
{"ts":1760002139511,"action":"IDE_DEACTIVATED"}
{"ts":1760002160837,"action":"IDE_ACTIVATED"}
{"ts":1760002161544,"action":"IDE_DEACTIVATED"}
{"ts":1760003146131,"action":"IDE_ACTIVATED"}
{"ts":1760003146689,"action":"IDE_DEACTIVATED"}
{"ts":1760003147539,"action":"IDE_ACTIVATED"}
{"ts":1760003165562,"action":"IDE_DEACTIVATED"}
{"ts":1760004605012,"action":"IDE_ACTIVATED"}
{"ts":1760004606679,"action":"IDE_DEACTIVATED"}
{"ts":1760004733773,"action":"IDE_ACTIVATED"}
{"ts":1760004735122,"action":"IDE_DEACTIVATED"}
{"ts":1760006302128,"action":"IDE_ACTIVATED"}
{"ts":1760006314290,"action":"IDE_DEACTIVATED"}
{"ts":1760006317597,"action":"IDE_ACTIVATED"}
{"ts":1760006355923,"action":"IDE_DEACTIVATED"}
{"ts":1760007441967,"action":"IDE_ACTIVATED"}
{"ts":1760007447567,"action":"FILE_CLOSED","file":"/composer.json","tags":{"FILE_LINE_OF_CODE":"40"}}
{"ts":1760007447567,"action":"FILE_OPENED","file":"/src/Columns/BadgeColumn.php","tags":{"FILE_LINE_OF_CODE":"83"}}
{"ts":1760007449777,"action":"FILE_CLOSED","file":"/src/Columns/BadgeColumn.php","tags":{"FILE_LINE_OF_CODE":"83"}}
{"ts":1760007449777,"action":"FILE_OPENED","file":"/resources/views/components/table/actions/action.blade.php","tags":{"FILE_LINE_OF_CODE":"48"}}
{"ts":1760007452890,"action":"FILE_CLOSED","file":"/resources/views/components/table/actions/action.blade.php","tags":{"FILE_LINE_OF_CODE":"48"}}
{"ts":1760007452890,"action":"FILE_OPENED","file":"/src/Actions/Action.php","tags":{"FILE_LINE_OF_CODE":"226"}}
{"ts":1760007457205,"action":"FILE_CLOSED","file":"/src/Actions/Action.php","tags":{"FILE_LINE_OF_CODE":"226"}}
{"ts":1760007457205,"action":"FILE_OPENED","file":"/src/Actions/BulkAction.php","tags":{"FILE_LINE_OF_CODE":"16"}}
{"ts":1760007459896,"action":"FILE_CLOSED","file":"/src/Actions/BulkAction.php","tags":{"FILE_LINE_OF_CODE":"16"}}
{"ts":1760007459896,"action":"FILE_OPENED","file":"/src/Actions/Modal.php","tags":{"FILE_LINE_OF_CODE":"134"}}
{"ts":1760007463241,"action":"FILE_CLOSED","file":"/src/Actions/Modal.php","tags":{"FILE_LINE_OF_CODE":"134"}}
{"ts":1760007463241,"action":"FILE_OPENED","file":"/src/Builders/RelationshipResolver.php","tags":{"FILE_LINE_OF_CODE":"76"}}
{"ts":1760007467344,"action":"FILE_CLOSED","file":"/src/Builders/RelationshipResolver.php","tags":{"FILE_LINE_OF_CODE":"76"}}
{"ts":1760007467344,"action":"FILE_OPENED","file":"/src/Columns/BadgeColumn.php","tags":{"FILE_LINE_OF_CODE":"83"}}
{"ts":1760007473801,"action":"FILE_CLOSED","file":"/src/Columns/BadgeColumn.php","tags":{"FILE_LINE_OF_CODE":"83"}}
{"ts":1760007473801,"action":"FILE_OPENED","file":"/src/Columns/Column.php","tags":{"FILE_LINE_OF_CODE":"277"}}
{"ts":1760007481795,"action":"FILE_CLOSED","file":"/src/Columns/Column.php","tags":{"FILE_LINE_OF_CODE":"277"}}
{"ts":1760007481795,"action":"FILE_OPENED","file":"/src/Columns/EditableColumn.php","tags":{"FILE_LINE_OF_CODE":"99"}}
{"ts":1760007492486,"action":"FILE_CLOSED","file":"/src/Columns/EditableColumn.php","tags":{"FILE_LINE_OF_CODE":"99"}}
{"ts":1760007492486,"action":"FILE_OPENED","file":"/src/Columns/ImageColumn.php","tags":{"FILE_LINE_OF_CODE":"78"}}
{"ts":1760007518961,"action":"FILE_CLOSED","file":"/src/Columns/ImageColumn.php","tags":{"FILE_LINE_OF_CODE":"78"}}
{"ts":1760007518961,"action":"FILE_OPENED","file":"/src/Columns/TextColumn.php","tags":{"FILE_LINE_OF_CODE":"80"}}
{"ts":1760007524289,"action":"FILE_CLOSED","file":"/src/Columns/TextColumn.php","tags":{"FILE_LINE_OF_CODE":"80"}}
{"ts":1760007524289,"action":"FILE_OPENED","file":"/src/Columns/ImageColumn.php","tags":{"FILE_LINE_OF_CODE":"78"}}
{"ts":1760007574161,"action":"FILE_CLOSED","file":"/src/Columns/ImageColumn.php","tags":{"FILE_LINE_OF_CODE":"79"}}
{"ts":1760007574161,"action":"FILE_OPENED","file":"/src/Columns/TextColumn.php","tags":{"FILE_LINE_OF_CODE":"80"}}
{"ts":1760007575998,"action":"FILE_CLOSED","file":"/src/Columns/TextColumn.php","tags":{"FILE_LINE_OF_CODE":"80"}}
{"ts":1760007575998,"action":"FILE_OPENED","file":"/src/Columns/ImageColumn.php","tags":{"FILE_LINE_OF_CODE":"79"}}
{"ts":1760007576728,"action":"FILE_CLOSED","file":"/src/Columns/ImageColumn.php","tags":{"FILE_LINE_OF_CODE":"79"}}
{"ts":1760007576728,"action":"FILE_OPENED","file":"/src/Columns/TextColumn.php","tags":{"FILE_LINE_OF_CODE":"80"}}
{"ts":1760007590258,"action":"FILE_CLOSED","file":"/src/Columns/TextColumn.php","tags":{"FILE_LINE_OF_CODE":"80"}}
{"ts":1760007590258,"action":"FILE_OPENED","file":"/src/Columns/ImageColumn.php","tags":{"FILE_LINE_OF_CODE":"79"}}
{"ts":1760007604422,"action":"FILE_CLOSED","file":"/src/Columns/ImageColumn.php","tags":{"FILE_LINE_OF_CODE":"79"}}
{"ts":1760007604422,"action":"FILE_OPENED","file":"/src/Columns/EditableColumn.php","tags":{"FILE_LINE_OF_CODE":"99"}}
{"ts":1760007626486,"action":"FILE_CLOSED","file":"/src/Columns/EditableColumn.php","tags":{"FILE_LINE_OF_CODE":"99"}}
{"ts":1760007626486,"action":"FILE_OPENED","file":"/src/Columns/ImageColumn.php","tags":{"FILE_LINE_OF_CODE":"79"}}
{"ts":1760007628409,"action":"FILE_CLOSED","file":"/src/Columns/ImageColumn.php","tags":{"FILE_LINE_OF_CODE":"79"}}
{"ts":1760007628409,"action":"FILE_OPENED","file":"/src/Columns/BadgeColumn.php","tags":{"FILE_LINE_OF_CODE":"83"}}
{"ts":1760007686323,"action":"FILE_CLOSED","file":"/src/Columns/BadgeColumn.php","tags":{"FILE_LINE_OF_CODE":"87"}}
{"ts":1760007686323,"action":"FILE_OPENED","file":"/src/Columns/Column.php","tags":{"FILE_LINE_OF_CODE":"277"}}
{"ts":1760007687132,"action":"FILE_CLOSED","file":"/src/Columns/Column.php","tags":{"FILE_LINE_OF_CODE":"277"}}
{"ts":1760007687132,"action":"FILE_OPENED","file":"/src/Columns/EditableColumn.php","tags":{"FILE_LINE_OF_CODE":"99"}}
{"ts":1760007701795,"action":"FILE_CLOSED","file":"/src/Columns/EditableColumn.php","tags":{"FILE_LINE_OF_CODE":"99"}}
{"ts":1760007701795,"action":"FILE_OPENED","file":"/src/Columns/ImageColumn.php","tags":{"FILE_LINE_OF_CODE":"79"}}
{"ts":1760007704928,"action":"FILE_CLOSED","file":"/src/Columns/ImageColumn.php","tags":{"FILE_LINE_OF_CODE":"79"}}
{"ts":1760007704928,"action":"FILE_OPENED","file":"/src/Columns/TextColumn.php","tags":{"FILE_LINE_OF_CODE":"80"}}
{"ts":1760007711165,"action":"FILE_CLOSED","file":"/src/Columns/TextColumn.php","tags":{"FILE_LINE_OF_CODE":"80"}}
{"ts":1760007711165,"action":"FILE_OPENED","file":"/src/Providers/LivewireTableServiceProvider.php","tags":{"FILE_LINE_OF_CODE":"38"}}
{"ts":1760007712766,"action":"FILE_CLOSED","file":"/src/Providers/LivewireTableServiceProvider.php","tags":{"FILE_LINE_OF_CODE":"38"}}
{"ts":1760007712767,"action":"FILE_OPENED","file":"/src/Table.php","tags":{"FILE_LINE_OF_CODE":"350"}}
{"ts":1760007743078,"action":"FILE_CLOSED","file":"/src/Table.php","tags":{"FILE_LINE_OF_CODE":"350"}}
{"ts":1760007743078,"action":"FILE_OPENED","file":"/src/Providers/LivewireTableServiceProvider.php","tags":{"FILE_LINE_OF_CODE":"38"}}
{"ts":1760007746905,"action":"FILE_CLOSED","file":"/src/Providers/LivewireTableServiceProvider.php","tags":{"FILE_LINE_OF_CODE":"38"}}
{"ts":1760007746905,"action":"FILE_OPENED","file":"/src/Columns/TextColumn.php","tags":{"FILE_LINE_OF_CODE":"80"}}
{"ts":1760007749217,"action":"FILE_CLOSED","file":"/src/Columns/TextColumn.php","tags":{"FILE_LINE_OF_CODE":"80"}}
{"ts":1760007749217,"action":"FILE_OPENED","file":"/src/Livewire/Concerns/HasTable.php","tags":{"FILE_LINE_OF_CODE":"276"}}
{"ts":1760007753779,"action":"FILE_CLOSED","file":"/src/Livewire/Concerns/HasTable.php","tags":{"FILE_LINE_OF_CODE":"276"}}
{"ts":1760007753779,"action":"FILE_OPENED","file":"/src/Providers/LivewireTableServiceProvider.php","tags":{"FILE_LINE_OF_CODE":"38"}}
{"ts":1760007757989,"action":"FILE_CLOSED","file":"/src/Providers/LivewireTableServiceProvider.php","tags":{"FILE_LINE_OF_CODE":"38"}}
{"ts":1760007757989,"action":"FILE_OPENED","file":"/src/Filters/DateFilter.php","tags":{"FILE_LINE_OF_CODE":"41"}}
{"ts":1760007758770,"action":"FILE_CLOSED","file":"/src/Filters/DateFilter.php","tags":{"FILE_LINE_OF_CODE":"41"}}
{"ts":1760007758770,"action":"FILE_OPENED","file":"/src/Filters/Filter.php","tags":{"FILE_LINE_OF_CODE":"205"}}
{"ts":1760007784894,"action":"FILE_CLOSED","file":"/src/Filters/Filter.php","tags":{"FILE_LINE_OF_CODE":"205"}}
{"ts":1760007784894,"action":"FILE_OPENED","file":"/src/Filters/TextFilter.php","tags":{"FILE_LINE_OF_CODE":"41"}}
{"ts":1760007787607,"action":"FILE_CLOSED","file":"/src/Filters/TextFilter.php","tags":{"FILE_LINE_OF_CODE":"41"}}
{"ts":1760007787607,"action":"FILE_OPENED","file":"/src/Filters/SelectFilter.php","tags":{"FILE_LINE_OF_CODE":"53"}}
{"ts":1760007790258,"action":"FILE_CLOSED","file":"/src/Filters/SelectFilter.php","tags":{"FILE_LINE_OF_CODE":"53"}}
{"ts":1760007790258,"action":"FILE_OPENED","file":"/src/Filters/Filter.php","tags":{"FILE_LINE_OF_CODE":"205"}}
{"ts":1760007790975,"action":"FILE_CLOSED","file":"/src/Filters/Filter.php","tags":{"FILE_LINE_OF_CODE":"205"}}
{"ts":1760007790975,"action":"FILE_OPENED","file":"/src/Filters/DateFilter.php","tags":{"FILE_LINE_OF_CODE":"41"}}
{"ts":1760007794144,"action":"FILE_CLOSED","file":"/src/Filters/DateFilter.php","tags":{"FILE_LINE_OF_CODE":"41"}}
{"ts":1760007794144,"action":"FILE_OPENED","file":"/src/Concerns/HasActions.php","tags":{"FILE_LINE_OF_CODE":"55"}}
{"ts":1760007805794,"action":"FILE_CLOSED","file":"/src/Concerns/HasActions.php","tags":{"FILE_LINE_OF_CODE":"55"}}
{"ts":1760007805794,"action":"FILE_OPENED","file":"/src/Concerns/HasColumns.php","tags":{"FILE_LINE_OF_CODE":"36"}}
{"ts":1760007808642,"action":"FILE_CLOSED","file":"/src/Concerns/HasColumns.php","tags":{"FILE_LINE_OF_CODE":"36"}}
{"ts":1760007808642,"action":"FILE_OPENED","file":"/src/Concerns/HasColumnToggle.php","tags":{"FILE_LINE_OF_CODE":"60"}}
{"ts":1760007811925,"action":"FILE_CLOSED","file":"/src/Concerns/HasColumnToggle.php","tags":{"FILE_LINE_OF_CODE":"60"}}
{"ts":1760007811925,"action":"FILE_OPENED","file":"/src/Concerns/HasFilters.php","tags":{"FILE_LINE_OF_CODE":"63"}}
{"ts":1760007814785,"action":"FILE_CLOSED","file":"/src/Concerns/HasFilters.php","tags":{"FILE_LINE_OF_CODE":"63"}}
{"ts":1760007814785,"action":"FILE_OPENED","file":"/src/Concerns/HasGrouping.php","tags":{"FILE_LINE_OF_CODE":"122"}}
{"ts":1760007817523,"action":"FILE_CLOSED","file":"/src/Concerns/HasGrouping.php","tags":{"FILE_LINE_OF_CODE":"122"}}
{"ts":1760007817523,"action":"FILE_OPENED","file":"/src/Concerns/HasPagination.php","tags":{"FILE_LINE_OF_CODE":"55"}}
{"ts":1760007820462,"action":"FILE_CLOSED","file":"/src/Concerns/HasPagination.php","tags":{"FILE_LINE_OF_CODE":"55"}}
{"ts":1760007820462,"action":"FILE_OPENED","file":"/src/Concerns/HasResponsiveScheme.php","tags":{"FILE_LINE_OF_CODE":"39"}}
{"ts":1760007823008,"action":"FILE_CLOSED","file":"/src/Concerns/HasResponsiveScheme.php","tags":{"FILE_LINE_OF_CODE":"39"}}
{"ts":1760007823008,"action":"FILE_OPENED","file":"/src/Concerns/HasSavedFilters.php","tags":{"FILE_LINE_OF_CODE":"51"}}
{"ts":1760007826234,"action":"FILE_CLOSED","file":"/src/Concerns/HasSavedFilters.php","tags":{"FILE_LINE_OF_CODE":"51"}}
{"ts":1760007826234,"action":"FILE_OPENED","file":"/src/Concerns/HasSubRows.php","tags":{"FILE_LINE_OF_CODE":"70"}}
{"ts":1760007896017,"action":"IDE_DEACTIVATED"}
